[2025-03-30T18:46:09.853+0000] {local_task_job_runner.py:120} INFO - ::group::Pre task execution logs
[2025-03-30T18:46:09.868+0000] {taskinstance.py:2076} INFO - Dependencies all met for dep_context=non-requeueable deps ti=<TaskInstance: dag_deliverable.query_hive_worst_air_quality manual__2025-03-30T18:45:44.762473+00:00 [queued]>
[2025-03-30T18:46:09.872+0000] {taskinstance.py:2076} INFO - Dependencies all met for dep_context=requeueable deps ti=<TaskInstance: dag_deliverable.query_hive_worst_air_quality manual__2025-03-30T18:45:44.762473+00:00 [queued]>
[2025-03-30T18:46:09.872+0000] {taskinstance.py:2306} INFO - Starting attempt 1 of 2
[2025-03-30T18:46:09.886+0000] {taskinstance.py:2330} INFO - Executing <Task(PythonOperator): query_hive_worst_air_quality> on 2025-03-30 18:45:44.762473+00:00
[2025-03-30T18:46:09.892+0000] {standard_task_runner.py:64} INFO - Started process 236 to run task
[2025-03-30T18:46:09.895+0000] {standard_task_runner.py:90} INFO - Running: ['airflow', 'tasks', 'run', 'dag_deliverable', 'query_hive_worst_air_quality', 'manual__2025-03-30T18:45:44.762473+00:00', '--job-id', '205', '--raw', '--subdir', 'DAGS_FOLDER/dag_deliverable.py', '--cfg-path', '/tmp/tmpo5wpgdx8']
[2025-03-30T18:46:09.896+0000] {standard_task_runner.py:91} INFO - Job 205: Subtask query_hive_worst_air_quality
[2025-03-30T18:46:09.921+0000] {task_command.py:426} INFO - Running <TaskInstance: dag_deliverable.query_hive_worst_air_quality manual__2025-03-30T18:45:44.762473+00:00 [running]> on host airflow
[2025-03-30T18:46:09.974+0000] {taskinstance.py:2648} INFO - Exporting env vars: AIRFLOW_CTX_DAG_OWNER='airflow' AIRFLOW_CTX_DAG_ID='dag_deliverable' AIRFLOW_CTX_TASK_ID='query_hive_worst_air_quality' AIRFLOW_CTX_EXECUTION_DATE='2025-03-30T18:45:44.762473+00:00' AIRFLOW_CTX_TRY_NUMBER='1' AIRFLOW_CTX_DAG_RUN_ID='manual__2025-03-30T18:45:44.762473+00:00'
[2025-03-30T18:46:09.975+0000] {taskinstance.py:430} INFO - ::endgroup::
[2025-03-30T18:46:09.993+0000] {base.py:84} INFO - Using connection ID 'hive_default' for task execution.
[2025-03-30T18:46:10.013+0000] {hive.py:475} INFO - USE `default`
[2025-03-30T18:46:10.031+0000] {hive.py:475} INFO - SELECT
             record_timestamp,
             air_salon,
             air_chambre,
             air_bureau,
             air_exterieur,
             (SELECT MAX(v) FROM (VALUES (air_salon), (air_chambre), (air_bureau), (air_exterieur)) AS value(v)) AS max_air_quality
             FROM weather.sensor_data
             ORDER BY max_air_quality DESC 
        
[2025-03-30T18:46:10.036+0000] {dag_deliverable.py:223} ERROR - ❌ Error al consultar Hive: TExecuteStatementResp(status=TStatus(statusCode=3, infoMessages=['Server-side error; please check HS2 logs.'], sqlState='42000', errorCode=40000, errorMessage="Error while compiling statement: FAILED: ParseException line 7:14 cannot recognize input near '(' 'SELECT' 'MAX' in expression specification"), operationHandle=None)
[2025-03-30T18:46:10.036+0000] {taskinstance.py:441} INFO - ::group::Post task execution logs
[2025-03-30T18:46:10.037+0000] {taskinstance.py:2905} ERROR - Task failed with exception
Traceback (most recent call last):
  File "/home/airflow/.local/lib/python3.9/site-packages/airflow/models/taskinstance.py", line 465, in _execute_task
    result = _execute_callable(context=context, **execute_callable_kwargs)
  File "/home/airflow/.local/lib/python3.9/site-packages/airflow/models/taskinstance.py", line 432, in _execute_callable
    return execute_callable(context=context, **execute_callable_kwargs)
  File "/home/airflow/.local/lib/python3.9/site-packages/airflow/models/baseoperator.py", line 401, in wrapper
    return func(self, *args, **kwargs)
  File "/home/airflow/.local/lib/python3.9/site-packages/airflow/operators/python.py", line 235, in execute
    return_value = self.execute_callable()
  File "/home/airflow/.local/lib/python3.9/site-packages/airflow/operators/python.py", line 252, in execute_callable
    return self.python_callable(*self.op_args, **self.op_kwargs)
  File "/opt/airflow/dags/dag_deliverable.py", line 198, in query_hive_worst_air_quality
    cursor.execute(f"""SELECT
  File "/home/airflow/.local/lib/python3.9/site-packages/pyhive/hive.py", line 481, in execute
    _check_status(response)
  File "/home/airflow/.local/lib/python3.9/site-packages/pyhive/hive.py", line 611, in _check_status
    raise OperationalError(response)
pyhive.exc.OperationalError: TExecuteStatementResp(status=TStatus(statusCode=3, infoMessages=['Server-side error; please check HS2 logs.'], sqlState='42000', errorCode=40000, errorMessage="Error while compiling statement: FAILED: ParseException line 7:14 cannot recognize input near '(' 'SELECT' 'MAX' in expression specification"), operationHandle=None)
[2025-03-30T18:46:10.040+0000] {taskinstance.py:1206} INFO - Marking task as UP_FOR_RETRY. dag_id=dag_deliverable, task_id=query_hive_worst_air_quality, run_id=manual__2025-03-30T18:45:44.762473+00:00, execution_date=20250330T184544, start_date=20250330T184609, end_date=20250330T184610
[2025-03-30T18:46:10.052+0000] {standard_task_runner.py:110} ERROR - Failed to execute job 205 for task query_hive_worst_air_quality (TExecuteStatementResp(status=TStatus(statusCode=3, infoMessages=['Server-side error; please check HS2 logs.'], sqlState='42000', errorCode=40000, errorMessage="Error while compiling statement: FAILED: ParseException line 7:14 cannot recognize input near '(' 'SELECT' 'MAX' in expression specification"), operationHandle=None); 236)
[2025-03-30T18:46:10.067+0000] {local_task_job_runner.py:243} INFO - Task exited with return code 1
[2025-03-30T18:46:10.079+0000] {taskinstance.py:3503} INFO - 0 downstream tasks scheduled from follow-on schedule check
[2025-03-30T18:46:10.080+0000] {local_task_job_runner.py:222} INFO - ::endgroup::
