[2025-03-30T18:51:21.558+0000] {local_task_job_runner.py:120} INFO - ::group::Pre task execution logs
[2025-03-30T18:51:21.575+0000] {taskinstance.py:2076} INFO - Dependencies all met for dep_context=non-requeueable deps ti=<TaskInstance: dag_deliverable.query_hive_temps_by_date manual__2025-03-30T18:51:06.652527+00:00 [queued]>
[2025-03-30T18:51:21.579+0000] {taskinstance.py:2076} INFO - Dependencies all met for dep_context=requeueable deps ti=<TaskInstance: dag_deliverable.query_hive_temps_by_date manual__2025-03-30T18:51:06.652527+00:00 [queued]>
[2025-03-30T18:51:21.579+0000] {taskinstance.py:2306} INFO - Starting attempt 1 of 2
[2025-03-30T18:51:21.594+0000] {taskinstance.py:2330} INFO - Executing <Task(PythonOperator): query_hive_temps_by_date> on 2025-03-30 18:51:06.652527+00:00
[2025-03-30T18:51:21.600+0000] {standard_task_runner.py:64} INFO - Started process 239 to run task
[2025-03-30T18:51:21.602+0000] {standard_task_runner.py:90} INFO - Running: ['airflow', 'tasks', 'run', 'dag_deliverable', 'query_hive_temps_by_date', 'manual__2025-03-30T18:51:06.652527+00:00', '--job-id', '216', '--raw', '--subdir', 'DAGS_FOLDER/dag_deliverable.py', '--cfg-path', '/tmp/tmpyxtfgihd']
[2025-03-30T18:51:21.603+0000] {standard_task_runner.py:91} INFO - Job 216: Subtask query_hive_temps_by_date
[2025-03-30T18:51:21.632+0000] {task_command.py:426} INFO - Running <TaskInstance: dag_deliverable.query_hive_temps_by_date manual__2025-03-30T18:51:06.652527+00:00 [running]> on host airflow
[2025-03-30T18:51:21.690+0000] {taskinstance.py:2648} INFO - Exporting env vars: AIRFLOW_CTX_DAG_OWNER='airflow' AIRFLOW_CTX_DAG_ID='dag_deliverable' AIRFLOW_CTX_TASK_ID='query_hive_temps_by_date' AIRFLOW_CTX_EXECUTION_DATE='2025-03-30T18:51:06.652527+00:00' AIRFLOW_CTX_TRY_NUMBER='1' AIRFLOW_CTX_DAG_RUN_ID='manual__2025-03-30T18:51:06.652527+00:00'
[2025-03-30T18:51:21.691+0000] {taskinstance.py:430} INFO - ::endgroup::
[2025-03-30T18:51:21.709+0000] {base.py:84} INFO - Using connection ID 'hive_default' for task execution.
[2025-03-30T18:51:21.735+0000] {hive.py:475} INFO - USE `default`
[2025-03-30T18:51:21.752+0000] {hive.py:475} INFO - SELECT
             DATE(record_timestamp) AS record_date,
             AVG(temperature_salon) AS avg_temp_salon,
             AVG(temperature_chambre) AS avg_temp_chambre,
             AVG(temperature_bureau) AS avg_temp_bureau,
             AVG(temperature_exterieur) AS avg_temp_exterieur
             FROM weather.sensor_data
             GROUP BY DATE(record_timestamp)
             ORDER BY record_date
        
[2025-03-30T18:51:24.435+0000] {dag_deliverable.py:158} INFO - Resultados de Hive:
[2025-03-30T18:51:24.435+0000] {dag_deliverable.py:159} INFO - Fecha | Temp. Salón | Temp. Chambre | Temp. Bureau | Temp. Exterieur
[2025-03-30T18:51:24.436+0000] {dag_deliverable.py:163} INFO - ('2023-08-18', 26.229101558526356, 28.598307371139526, 26.73072910308838, 24.42216157913208)
[2025-03-30T18:51:24.436+0000] {dag_deliverable.py:163} INFO - ('2023-08-19', 28.050390700499218, 29.84069013595581, 28.42786451180776, 25.36934902270635)
[2025-03-30T18:51:24.436+0000] {dag_deliverable.py:163} INFO - ('2023-08-20', 28.243880212306976, 30.23046875, 28.78352866570155, 26.553378919760387)
[2025-03-30T18:51:24.436+0000] {dag_deliverable.py:163} INFO - ('2023-08-21', 28.857747435569763, 31.425130267937977, 29.564453144868214, 26.901757776737213)
[2025-03-30T18:51:24.436+0000] {dag_deliverable.py:163} INFO - ('2023-08-22', 29.128385444482166, 31.279622495174408, 29.874804655710857, 26.359472533067066)
[2025-03-30T18:51:24.436+0000] {dag_deliverable.py:163} INFO - ('2023-08-23', 28.581835905710857, 30.892057240009308, 29.53346347808838, 25.215944012006123)
[2025-03-30T18:51:24.436+0000] {dag_deliverable.py:163} INFO - ('2023-08-24', 28.492903689543407, 30.34453123807907, 29.536718785762787, 24.043489535649616)
[2025-03-30T18:51:24.436+0000] {dag_deliverable.py:163} INFO - ('2023-08-25', 27.586328109105427, 29.72272139787674, 28.93925780057907, 22.69482409954071)
[2025-03-30T18:51:24.437+0000] {dag_deliverable.py:163} INFO - ('2023-08-26', 27.202278693517048, 29.283984382947285, 28.522656222184498, 20.18541673819224)
[2025-03-30T18:51:24.437+0000] {dag_deliverable.py:163} INFO - ('2023-08-27', 24.549544374148052, 27.476041615009308, 26.213346501191456, 17.748059888680775)
[2025-03-30T18:51:24.437+0000] {dag_deliverable.py:163} INFO - ('2023-08-28', 24.95449225107829, 25.51738288005193, 25.62330734729767, 15.337604145208994)
[2025-03-30T18:51:24.437+0000] {dag_deliverable.py:163} INFO - ('2023-08-29', 24.112304627895355, 24.361328125, 24.803906281789143, 16.013854146003723)
[2025-03-30T18:51:24.437+0000] {dag_deliverable.py:163} INFO - ('2023-08-30', 23.605403621991474, 24.455924491087597, 24.37298176685969, 16.819817672173183)
[2025-03-30T18:51:24.437+0000] {dag_deliverable.py:163} INFO - ('2023-08-31', 23.231575588385265, 24.203971326351166, 24.108593722184498, 16.686861942211788)
[2025-03-30T18:51:24.437+0000] {dag_deliverable.py:163} INFO - ('2023-09-01', 22.618489464124043, 24.601171890894573, 23.87200528383255, 19.682246029376984)
[2025-03-30T18:51:24.437+0000] {dag_deliverable.py:163} INFO - ('2023-09-02', 23.318880180517834, 25.725260416666668, 24.493750055631, 20.56173825263977)
[2025-03-30T18:51:24.438+0000] {dag_deliverable.py:163} INFO - ('2023-09-03', 25.076367179552715, 27.03476558128993, 25.541210909684498, 21.27413413921992)
[2025-03-30T18:51:24.438+0000] {dag_deliverable.py:163} INFO - ('2023-09-04', 26.003450493017834, 27.328776081403095, 26.175357977549236, 21.711373766263325)
[2025-03-30T18:51:24.438+0000] {dag_deliverable.py:163} INFO - ('2023-09-05', 26.148958325386047, 27.481770833333332, 26.7790691057841, 22.055156310399372)
[2025-03-30T18:51:24.438+0000] {dag_deliverable.py:163} INFO - ('2023-09-06', 26.05455736319224, 27.80312504371007, 26.95520826180776, 21.071373720963795)
[2025-03-30T18:51:24.438+0000] {dag_deliverable.py:163} INFO - ('2023-09-07', 26.627864559491474, 28.281835973262787, 27.36803396542867, 21.932373106479645)
[2025-03-30T18:51:24.438+0000] {dag_deliverable.py:163} INFO - ('2023-09-08', 26.852929631869, 28.861751278241474, 27.674641927083332, 22.550375998020172)
[2025-03-30T18:51:24.438+0000] {dag_deliverable.py:163} INFO - ('2023-09-09', 27.18535151084264, 29.33440754810969, 27.95380864540736, 23.170779665311176)
[2025-03-30T18:51:24.439+0000] {dag_deliverable.py:163} INFO - ('2023-09-10', 27.464843849341076, 29.70852867762248, 28.24700520435969, 23.59681648015976)
[2025-03-30T18:51:24.439+0000] {dag_deliverable.py:163} INFO - ('2023-09-11', 26.66126298904419, 29.557747542858124, 27.943033913771313, 23.498828152815502)
[2025-03-30T18:51:24.439+0000] {dag_deliverable.py:163} INFO - ('2023-09-12', 27.34101567665736, 29.902148485183716, 28.632356762886047, 24.327519575754803)
[2025-03-30T18:51:24.439+0000] {dag_deliverable.py:163} INFO - ('2023-09-13', 25.533658862113953, 29.406054655710857, 27.274804691473644, 21.22202471892039)
[2025-03-30T18:51:24.439+0000] {dag_deliverable.py:163} INFO - ('2023-09-14', 24.943815032641094, 27.25520823399226, 26.14908856153488, 18.882272084554035)
[2025-03-30T18:51:24.439+0000] {dag_deliverable.py:163} INFO - ('2023-09-15', 23.389713525772095, 25.94498699903488, 24.655533870061237, 18.547148416439693)
[2025-03-30T18:51:24.439+0000] {dag_deliverable.py:163} INFO - ('2023-09-16', 23.899869859218597, 26.86070970694224, 25.06738277276357, 20.10005862514178)
[2025-03-30T18:51:24.439+0000] {dag_deliverable.py:163} INFO - ('2023-09-17', 24.917122443517048, 26.93623048067093, 25.681770881017048, 22.60107429822286)
[2025-03-30T18:51:24.439+0000] {dag_deliverable.py:163} INFO - ('2023-09-18', 25.89905599753062, 28.72773430744807, 26.348502616087597, 20.240527391433716)
[2025-03-30T18:51:24.439+0000] {dag_deliverable.py:163} INFO - ('2023-09-19', 24.398990948994953, 27.087500035762787, 25.29791667064031, 19.110345115264256)
[2025-03-30T18:51:24.440+0000] {dag_deliverable.py:163} INFO - ('2023-09-20', 24.49915357430776, 27.823307355244953, 25.642903645833332, 19.04655595620473)
[2025-03-30T18:51:24.440+0000] {dag_deliverable.py:163} INFO - ('2023-09-21', 25.209440032641094, 27.16119788090388, 25.88248695929845, 19.432037721077602)
[2025-03-30T18:51:24.440+0000] {dag_deliverable.py:163} INFO - ('2023-09-22', 22.92994797229767, 26.826106707255047, 24.420052071412403, 16.488541662693024)
[2025-03-30T18:51:24.440+0000] {dag_deliverable.py:163} INFO - ('2023-09-23', 23.57317707935969, 25.830533901850384, 24.26979172229767, 14.228450536727905)
[2025-03-30T18:51:24.440+0000] {dag_deliverable.py:163} INFO - ('2023-09-24', 22.77417278289795, 25.90174624499153, 23.17261022679946, 11.84340067470775)
[2025-03-30T18:51:24.440+0000] {python.py:237} INFO - Done. Returned value was: None
[2025-03-30T18:51:24.441+0000] {taskinstance.py:441} INFO - ::group::Post task execution logs
[2025-03-30T18:51:24.444+0000] {taskinstance.py:1206} INFO - Marking task as SUCCESS. dag_id=dag_deliverable, task_id=query_hive_temps_by_date, run_id=manual__2025-03-30T18:51:06.652527+00:00, execution_date=20250330T185106, start_date=20250330T185121, end_date=20250330T185124
[2025-03-30T18:51:24.543+0000] {local_task_job_runner.py:243} INFO - Task exited with return code 0
[2025-03-30T18:51:24.557+0000] {taskinstance.py:3503} INFO - 1 downstream tasks scheduled from follow-on schedule check
[2025-03-30T18:51:24.564+0000] {local_task_job_runner.py:222} INFO - ::endgroup::
