[2025-03-30T18:48:01.234+0000] {local_task_job_runner.py:120} INFO - ::group::Pre task execution logs
[2025-03-30T18:48:01.250+0000] {taskinstance.py:2076} INFO - Dependencies all met for dep_context=non-requeueable deps ti=<TaskInstance: dag_deliverable.create_hive_table manual__2025-03-30T18:47:45.897459+00:00 [queued]>
[2025-03-30T18:48:01.254+0000] {taskinstance.py:2076} INFO - Dependencies all met for dep_context=requeueable deps ti=<TaskInstance: dag_deliverable.create_hive_table manual__2025-03-30T18:47:45.897459+00:00 [queued]>
[2025-03-30T18:48:01.254+0000] {taskinstance.py:2306} INFO - Starting attempt 1 of 2
[2025-03-30T18:48:01.269+0000] {taskinstance.py:2330} INFO - Executing <Task(PythonOperator): create_hive_table> on 2025-03-30 18:47:45.897459+00:00
[2025-03-30T18:48:01.277+0000] {standard_task_runner.py:64} INFO - Started process 185 to run task
[2025-03-30T18:48:01.279+0000] {standard_task_runner.py:90} INFO - Running: ['airflow', 'tasks', 'run', 'dag_deliverable', 'create_hive_table', 'manual__2025-03-30T18:47:45.897459+00:00', '--job-id', '208', '--raw', '--subdir', 'DAGS_FOLDER/dag_deliverable.py', '--cfg-path', '/tmp/tmphk6840al']
[2025-03-30T18:48:01.281+0000] {standard_task_runner.py:91} INFO - Job 208: Subtask create_hive_table
[2025-03-30T18:48:01.310+0000] {task_command.py:426} INFO - Running <TaskInstance: dag_deliverable.create_hive_table manual__2025-03-30T18:47:45.897459+00:00 [running]> on host airflow
[2025-03-30T18:48:01.362+0000] {taskinstance.py:2648} INFO - Exporting env vars: AIRFLOW_CTX_DAG_OWNER='airflow' AIRFLOW_CTX_DAG_ID='dag_deliverable' AIRFLOW_CTX_TASK_ID='create_hive_table' AIRFLOW_CTX_EXECUTION_DATE='2025-03-30T18:47:45.897459+00:00' AIRFLOW_CTX_TRY_NUMBER='1' AIRFLOW_CTX_DAG_RUN_ID='manual__2025-03-30T18:47:45.897459+00:00'
[2025-03-30T18:48:01.363+0000] {taskinstance.py:430} INFO - ::endgroup::
[2025-03-30T18:48:01.378+0000] {base.py:84} INFO - Using connection ID 'hive_default' for task execution.
[2025-03-30T18:48:01.399+0000] {hive.py:475} INFO - USE `default`
[2025-03-30T18:48:01.414+0000] {hive.py:475} INFO - DROP TABLE IF EXISTS weather.sensor_data
[2025-03-30T18:48:01.471+0000] {hive.py:475} INFO - 
            CREATE EXTERNAL TABLE IF NOT EXISTS weather.sensor_data (
                record_timestamp DATE,
                temperature_salon FLOAT,
                humidity_salon FLOAT,
                air_salon FLOAT,
                temperature_chambre FLOAT,
                humidity_chambre FLOAT,
                air_chambre FLOAT,
                temperature_bureau FLOAT,
                humidity_bureau FLOAT,
                air_bureau FLOAT,
                temperature_exterieur FLOAT,
                humidity_exterieur FLOAT,
                air_exterieur FLOAT
            )
            ROW FORMAT SERDE 'org.apache.hive.hcatalog.data.JsonSerDe'
            STORED AS TEXTFILE
            LOCATION 'hdfs://namenode:9000/topics/sensores/partition=0'
        
[2025-03-30T18:48:01.515+0000] {dag_deliverable.py:134} INFO - ✅ Tabla creada correctamente en Hive
[2025-03-30T18:48:01.516+0000] {python.py:237} INFO - Done. Returned value was: None
[2025-03-30T18:48:01.516+0000] {taskinstance.py:441} INFO - ::group::Post task execution logs
[2025-03-30T18:48:01.519+0000] {taskinstance.py:1206} INFO - Marking task as SUCCESS. dag_id=dag_deliverable, task_id=create_hive_table, run_id=manual__2025-03-30T18:47:45.897459+00:00, execution_date=20250330T184745, start_date=20250330T184801, end_date=20250330T184801
[2025-03-30T18:48:01.572+0000] {local_task_job_runner.py:243} INFO - Task exited with return code 0
[2025-03-30T18:48:01.586+0000] {taskinstance.py:3503} INFO - 1 downstream tasks scheduled from follow-on schedule check
[2025-03-30T18:48:01.592+0000] {local_task_job_runner.py:222} INFO - ::endgroup::
